   ▲ Next.js 15.1.7
   - Environments: .env

   Creating an optimized production build ...
Failed to compile.

./src/app/book/success/page.tsx
Error:   [31mx[0m You're importing a component that needs `useEffect`. This React hook only works in a client component. To fix, mark the file (or its parent) with the `"use client"` directive.
  [31m|[0m 
  [31m|[0m  Learn more: https://nextjs.org/docs/app/api-reference/directives/use-client
  [31m|[0m 
  [31m|[0m 
   ,-[[36;1;4mE:\PodcastStudio\Studio-Suite\src\app\book\success\page.tsx[0m:1:1]
 [2m1[0m | import { useEffect, useState, Suspense } from "react";
   : [35;1m         ^^^^^^^^^[0m
 [2m2[0m | import { useSearchParams } from "next/navigation";
 [2m3[0m | import { Badge } from "@/components/ui/badge";
 [2m3[0m | import { GlassCard } from "@/components/ui/glass-card";
   `----
  [31mx[0m You're importing a component that needs `useState`. This React hook only works in a client component. To fix, mark the file (or its parent) with the `"use client"` directive.
  [31m|[0m 
  [31m|[0m  Learn more: https://nextjs.org/docs/app/api-reference/directives/use-client
  [31m|[0m 
  [31m|[0m 
   ,-[[36;1;4mE:\PodcastStudio\Studio-Suite\src\app\book\success\page.tsx[0m:1:1]
 [2m1[0m | import { useEffect, useState, Suspense } from "react";
   : [35;1m                    ^^^^^^^^[0m
 [2m2[0m | import { useSearchParams } from "next/navigation";
 [2m3[0m | import { Badge } from "@/components/ui/badge";
 [2m3[0m | import { GlassCard } from "@/components/ui/glass-card";
   `----
  [31mx[0m You're importing a component that needs `useSearchParams`. This React hook only works in a client component. To fix, mark the file (or its parent) with the `"use client"` directive.
  [31m|[0m 
  [31m|[0m  Learn more: https://nextjs.org/docs/app/api-reference/directives/use-client
  [31m|[0m 
  [31m|[0m 
   ,-[[36;1;4mE:\PodcastStudio\Studio-Suite\src\app\book\success\page.tsx[0m:2:1]
 [2m1[0m | import { useEffect, useState, Suspense } from "react";
 [2m2[0m | import { useSearchParams } from "next/navigation";
   : [35;1m         ^^^^^^^^^^^^^^^[0m
 [2m3[0m | import { Badge } from "@/components/ui/badge";
 [2m4[0m | import { GlassCard } from "@/components/ui/glass-card";
 [2m4[0m | import { CheckCircle2, Clock, Receipt, ArrowRight, Loader2 } from "lucide-react";
   `----

Import trace for requested module:
./src/app/book/success/page.tsx


> Build failed because of webpack errors
